2023-02-27 03:28:14,578 p=1650 u=ubuntu n=ansible | PLAY [generate Artifact , copy Sql files] ************************************************************************************************************************************************************************************************************************************************************************************
2023-02-27 03:28:14,594 p=1650 u=ubuntu n=ansible | TASK [Gathering Facts] *******************************************************************************************************************************************************************************************************************************************************************************************************
2023-02-27 03:28:15,992 p=1650 u=ubuntu n=ansible | ok: [localhost]
2023-02-27 03:28:16,008 p=1650 u=ubuntu n=ansible | TASK [install jdk, maven, git] ***********************************************************************************************************************************************************************************************************************************************************************************************
2023-02-27 03:28:29,169 p=1650 u=ubuntu n=ansible | ok: [localhost] => (item=git)
2023-02-27 03:29:12,651 p=1650 u=ubuntu n=ansible | changed: [localhost] => (item=openjdk-8-jdk)
2023-02-27 03:29:21,850 p=1650 u=ubuntu n=ansible | changed: [localhost] => (item=maven)
2023-02-27 03:29:21,866 p=1650 u=ubuntu n=ansible | TASK [clone source code] *****************************************************************************************************************************************************************************************************************************************************************************************************
2023-02-27 03:29:26,396 p=1650 u=ubuntu n=ansible | changed: [localhost]
2023-02-27 03:29:26,408 p=1650 u=ubuntu n=ansible | TASK [mvn install to build artifact] *****************************************************************************************************************************************************************************************************************************************************************************************
2023-02-27 03:30:07,320 p=1650 u=ubuntu n=ansible | changed: [localhost]
2023-02-27 03:30:07,345 p=1650 u=ubuntu n=ansible | TASK [copy artifact to file] *************************************************************************************************************************************************************************************************************************************************************************************************
2023-02-27 03:30:08,485 p=1650 u=ubuntu n=ansible | changed: [localhost] => (item=/home/ubuntu/VPC_Ansible/Ansible-Project/provision-stack/Vprofile-repo/target/vprofile-v2.war)
2023-02-27 03:30:08,496 p=1650 u=ubuntu n=ansible | TASK [Copy Sql file] *********************************************************************************************************************************************************************************************************************************************************************************************************
2023-02-27 03:30:08,923 p=1650 u=ubuntu n=ansible | changed: [localhost]
2023-02-27 03:30:08,939 p=1650 u=ubuntu n=ansible | PLAY RECAP *******************************************************************************************************************************************************************************************************************************************************************************************************************
2023-02-27 03:30:08,940 p=1650 u=ubuntu n=ansible | localhost                  : ok=6    changed=5    unreachable=0    failed=0    skipped=0    rescued=0    ignored=0   
2023-02-27 03:42:52,530 p=6763 u=ubuntu n=ansible | PLAY [all] *******************************************************************************************************************************************************************************************************************************************************************************************************************
2023-02-27 03:42:52,548 p=6763 u=ubuntu n=ansible | TASK [Gathering Facts] *******************************************************************************************************************************************************************************************************************************************************************************************************
2023-02-27 03:42:54,538 p=6763 u=ubuntu n=ansible | ok: [app01]
2023-02-27 03:42:54,674 p=6763 u=ubuntu n=ansible | ok: [cntl]
2023-02-27 03:42:55,270 p=6763 u=ubuntu n=ansible | ok: [mem01]
2023-02-27 03:42:55,276 p=6763 u=ubuntu n=ansible | ok: [rmq01]
2023-02-27 03:42:55,393 p=6763 u=ubuntu n=ansible | ok: [web01]
2023-02-27 03:42:56,966 p=6763 u=ubuntu n=ansible | ok: [db01]
2023-02-27 03:42:56,983 p=6763 u=ubuntu n=ansible | TASK [Import VPC variables] **************************************************************************************************************************************************************************************************************************************************************************************************
2023-02-27 03:42:57,029 p=6763 u=ubuntu n=ansible | fatal: [cntl]: FAILED! => {"ansible_facts": {}, "ansible_included_var_files": [], "changed": false, "message": "Could not find or access 'group_wars/hostsip'\nSearched in:\n\t/home/ubuntu/VPC_Ansible/Ansible-Project/provision-stack/vars/group_wars/hostsip\n\t/home/ubuntu/VPC_Ansible/Ansible-Project/provision-stack/group_wars/hostsip\n\t/home/ubuntu/VPC_Ansible/Ansible-Project/provision-stack/vars/group_wars/hostsip\n\t/home/ubuntu/VPC_Ansible/Ansible-Project/provision-stack/group_wars/hostsip on the Ansible Controller.\nIf you are using a module and expect the file to exist on the remote, see the remote_src option"}
2023-02-27 03:42:57,053 p=6763 u=ubuntu n=ansible | fatal: [web01]: FAILED! => {"ansible_facts": {}, "ansible_included_var_files": [], "changed": false, "message": "Could not find or access 'group_wars/hostsip'\nSearched in:\n\t/home/ubuntu/VPC_Ansible/Ansible-Project/provision-stack/vars/group_wars/hostsip\n\t/home/ubuntu/VPC_Ansible/Ansible-Project/provision-stack/group_wars/hostsip\n\t/home/ubuntu/VPC_Ansible/Ansible-Project/provision-stack/vars/group_wars/hostsip\n\t/home/ubuntu/VPC_Ansible/Ansible-Project/provision-stack/group_wars/hostsip on the Ansible Controller.\nIf you are using a module and expect the file to exist on the remote, see the remote_src option"}
2023-02-27 03:42:57,074 p=6763 u=ubuntu n=ansible | fatal: [app01]: FAILED! => {"ansible_facts": {}, "ansible_included_var_files": [], "changed": false, "message": "Could not find or access 'group_wars/hostsip'\nSearched in:\n\t/home/ubuntu/VPC_Ansible/Ansible-Project/provision-stack/vars/group_wars/hostsip\n\t/home/ubuntu/VPC_Ansible/Ansible-Project/provision-stack/group_wars/hostsip\n\t/home/ubuntu/VPC_Ansible/Ansible-Project/provision-stack/vars/group_wars/hostsip\n\t/home/ubuntu/VPC_Ansible/Ansible-Project/provision-stack/group_wars/hostsip on the Ansible Controller.\nIf you are using a module and expect the file to exist on the remote, see the remote_src option"}
2023-02-27 03:42:57,095 p=6763 u=ubuntu n=ansible | fatal: [rmq01]: FAILED! => {"ansible_facts": {}, "ansible_included_var_files": [], "changed": false, "message": "Could not find or access 'group_wars/hostsip'\nSearched in:\n\t/home/ubuntu/VPC_Ansible/Ansible-Project/provision-stack/vars/group_wars/hostsip\n\t/home/ubuntu/VPC_Ansible/Ansible-Project/provision-stack/group_wars/hostsip\n\t/home/ubuntu/VPC_Ansible/Ansible-Project/provision-stack/vars/group_wars/hostsip\n\t/home/ubuntu/VPC_Ansible/Ansible-Project/provision-stack/group_wars/hostsip on the Ansible Controller.\nIf you are using a module and expect the file to exist on the remote, see the remote_src option"}
2023-02-27 03:42:57,095 p=6763 u=ubuntu n=ansible | fatal: [mem01]: FAILED! => {"ansible_facts": {}, "ansible_included_var_files": [], "changed": false, "message": "Could not find or access 'group_wars/hostsip'\nSearched in:\n\t/home/ubuntu/VPC_Ansible/Ansible-Project/provision-stack/vars/group_wars/hostsip\n\t/home/ubuntu/VPC_Ansible/Ansible-Project/provision-stack/group_wars/hostsip\n\t/home/ubuntu/VPC_Ansible/Ansible-Project/provision-stack/vars/group_wars/hostsip\n\t/home/ubuntu/VPC_Ansible/Ansible-Project/provision-stack/group_wars/hostsip on the Ansible Controller.\nIf you are using a module and expect the file to exist on the remote, see the remote_src option"}
2023-02-27 03:42:57,106 p=6763 u=ubuntu n=ansible | fatal: [db01]: FAILED! => {"ansible_facts": {}, "ansible_included_var_files": [], "changed": false, "message": "Could not find or access 'group_wars/hostsip'\nSearched in:\n\t/home/ubuntu/VPC_Ansible/Ansible-Project/provision-stack/vars/group_wars/hostsip\n\t/home/ubuntu/VPC_Ansible/Ansible-Project/provision-stack/group_wars/hostsip\n\t/home/ubuntu/VPC_Ansible/Ansible-Project/provision-stack/vars/group_wars/hostsip\n\t/home/ubuntu/VPC_Ansible/Ansible-Project/provision-stack/group_wars/hostsip on the Ansible Controller.\nIf you are using a module and expect the file to exist on the remote, see the remote_src option"}
2023-02-27 03:42:57,109 p=6763 u=ubuntu n=ansible | PLAY RECAP *******************************************************************************************************************************************************************************************************************************************************************************************************************
2023-02-27 03:42:57,110 p=6763 u=ubuntu n=ansible | app01                      : ok=1    changed=0    unreachable=0    failed=1    skipped=0    rescued=0    ignored=0   
2023-02-27 03:42:57,110 p=6763 u=ubuntu n=ansible | cntl                       : ok=1    changed=0    unreachable=0    failed=1    skipped=0    rescued=0    ignored=0   
2023-02-27 03:42:57,110 p=6763 u=ubuntu n=ansible | db01                       : ok=1    changed=0    unreachable=0    failed=1    skipped=0    rescued=0    ignored=0   
2023-02-27 03:42:57,110 p=6763 u=ubuntu n=ansible | mem01                      : ok=1    changed=0    unreachable=0    failed=1    skipped=0    rescued=0    ignored=0   
2023-02-27 03:42:57,111 p=6763 u=ubuntu n=ansible | rmq01                      : ok=1    changed=0    unreachable=0    failed=1    skipped=0    rescued=0    ignored=0   
2023-02-27 03:42:57,111 p=6763 u=ubuntu n=ansible | web01                      : ok=1    changed=0    unreachable=0    failed=1    skipped=0    rescued=0    ignored=0   
2023-02-27 03:46:35,836 p=6953 u=ubuntu n=ansible | PLAY [all] *******************************************************************************************************************************************************************************************************************************************************************************************************************
2023-02-27 03:46:35,845 p=6953 u=ubuntu n=ansible | TASK [Gathering Facts] *******************************************************************************************************************************************************************************************************************************************************************************************************
2023-02-27 03:46:38,031 p=6953 u=ubuntu n=ansible | ok: [rmq01]
2023-02-27 03:46:38,037 p=6953 u=ubuntu n=ansible | ok: [web01]
2023-02-27 03:46:38,049 p=6953 u=ubuntu n=ansible | ok: [app01]
2023-02-27 03:46:38,052 p=6953 u=ubuntu n=ansible | ok: [mem01]
2023-02-27 03:46:38,090 p=6953 u=ubuntu n=ansible | ok: [cntl]
2023-02-27 03:46:39,751 p=6953 u=ubuntu n=ansible | ok: [db01]
2023-02-27 03:46:39,765 p=6953 u=ubuntu n=ansible | TASK [Import VPC variables] **************************************************************************************************************************************************************************************************************************************************************************************************
2023-02-27 03:46:39,819 p=6953 u=ubuntu n=ansible | ok: [cntl]
2023-02-27 03:46:39,840 p=6953 u=ubuntu n=ansible | ok: [web01]
2023-02-27 03:46:39,862 p=6953 u=ubuntu n=ansible | ok: [app01]
2023-02-27 03:46:39,885 p=6953 u=ubuntu n=ansible | ok: [rmq01]
2023-02-27 03:46:39,886 p=6953 u=ubuntu n=ansible | ok: [mem01]
2023-02-27 03:46:39,896 p=6953 u=ubuntu n=ansible | ok: [db01]
2023-02-27 03:46:39,905 p=6953 u=ubuntu n=ansible | TASK [update hosts file for all the hosts] ***********************************************************************************************************************************************************************************************************************************************************************************
2023-02-27 03:46:40,733 p=6953 u=ubuntu n=ansible | changed: [web01]
2023-02-27 03:46:40,736 p=6953 u=ubuntu n=ansible | changed: [mem01]
2023-02-27 03:46:40,736 p=6953 u=ubuntu n=ansible | changed: [app01]
2023-02-27 03:46:40,736 p=6953 u=ubuntu n=ansible | changed: [rmq01]
2023-02-27 03:46:40,802 p=6953 u=ubuntu n=ansible | changed: [cntl]
2023-02-27 03:46:41,052 p=6953 u=ubuntu n=ansible | changed: [db01]
2023-02-27 03:46:41,070 p=6953 u=ubuntu n=ansible | PLAY RECAP *******************************************************************************************************************************************************************************************************************************************************************************************************************
2023-02-27 03:46:41,070 p=6953 u=ubuntu n=ansible | app01                      : ok=3    changed=1    unreachable=0    failed=0    skipped=0    rescued=0    ignored=0   
2023-02-27 03:46:41,070 p=6953 u=ubuntu n=ansible | cntl                       : ok=3    changed=1    unreachable=0    failed=0    skipped=0    rescued=0    ignored=0   
2023-02-27 03:46:41,071 p=6953 u=ubuntu n=ansible | db01                       : ok=3    changed=1    unreachable=0    failed=0    skipped=0    rescued=0    ignored=0   
2023-02-27 03:46:41,071 p=6953 u=ubuntu n=ansible | mem01                      : ok=3    changed=1    unreachable=0    failed=0    skipped=0    rescued=0    ignored=0   
2023-02-27 03:46:41,071 p=6953 u=ubuntu n=ansible | rmq01                      : ok=3    changed=1    unreachable=0    failed=0    skipped=0    rescued=0    ignored=0   
2023-02-27 03:46:41,071 p=6953 u=ubuntu n=ansible | web01                      : ok=3    changed=1    unreachable=0    failed=0    skipped=0    rescued=0    ignored=0   
